2d plan/Library/Bee/Android/Prj/Mono2x/Gradle/launcher/build/intermediates/manifest_merge_blame_file/release/manifest-merger-blame-release-report.txt
1<?xml version="1.0" encoding="utf-8"?>
2<manifest xmlns:android="http://schemas.android.com/apk/res/android"
3    package="com.DefaultCompany.Planescape3d"
4    android:installLocation="preferExternal"
5    android:versionCode="1"
6    android:versionName="1.0.2" >
7
8    <uses-sdk
9        android:minSdkVersion="22"
9-->src\main\AndroidManifest.xml
10        android:targetSdkVersion="33" />
10-->src\main\AndroidManifest.xml
11
12    <supports-screens
12-->src\main\AndroidManifest.xml:4:3-163
13        android:anyDensity="true"
13-->src\main\AndroidManifest.xml:4:135-160
14        android:largeScreens="true"
14-->src\main\AndroidManifest.xml:4:78-105
15        android:normalScreens="true"
15-->src\main\AndroidManifest.xml:4:49-77
16        android:smallScreens="true"
16-->src\main\AndroidManifest.xml:4:21-48
17        android:xlargeScreens="true" />
17-->src\main\AndroidManifest.xml:4:106-134
18
19    <uses-permission android:name="android.permission.INTERNET" />
19-->[:unityLibrary] AndroidManifest.xml:10:5-67
19-->[:unityLibrary] AndroidManifest.xml:10:22-64
20    <uses-permission android:name="android.permission.ACCESS_NETWORK_STATE" />
20-->[:unityLibrary] AndroidManifest.xml:11:5-79
20-->[:unityLibrary] AndroidManifest.xml:11:22-76
21
22    <uses-feature android:glEsVersion="0x00030000" />
22-->[:unityLibrary] AndroidManifest.xml:13:5-54
22-->[:unityLibrary] AndroidManifest.xml:13:19-51
23    <uses-feature
23-->[:unityLibrary] AndroidManifest.xml:14:5-16:36
24        android:name="android.hardware.vulkan.version"
24-->[:unityLibrary] AndroidManifest.xml:15:9-55
25        android:required="false" />
25-->[:unityLibrary] AndroidManifest.xml:16:9-33
26    <uses-feature
26-->[:unityLibrary] AndroidManifest.xml:17:5-19:36
27        android:name="android.hardware.touchscreen"
27-->[:unityLibrary] AndroidManifest.xml:18:9-52
28        android:required="false" />
28-->[:unityLibrary] AndroidManifest.xml:19:9-33
29    <uses-feature
29-->[:unityLibrary] AndroidManifest.xml:20:5-22:36
30        android:name="android.hardware.touchscreen.multitouch"
30-->[:unityLibrary] AndroidManifest.xml:21:9-63
31        android:required="false" />
31-->[:unityLibrary] AndroidManifest.xml:22:9-33
32    <uses-feature
32-->[:unityLibrary] AndroidManifest.xml:23:5-25:36
33        android:name="android.hardware.touchscreen.multitouch.distinct"
33-->[:unityLibrary] AndroidManifest.xml:24:9-72
34        android:required="false" />
34-->[:unityLibrary] AndroidManifest.xml:25:9-33
35
36    <uses-permission android:name="android.permission.POST_NOTIFICATIONS" />
36-->[:unityLibrary] AndroidManifest.xml:27:5-77
36-->[:unityLibrary] AndroidManifest.xml:27:22-74
37    <uses-permission android:name="com.google.android.gms.permission.AD_ID" />
37-->[:UnityAds:] AndroidManifest.xml:11:5-79
37-->[:UnityAds:] AndroidManifest.xml:11:22-76
38    <uses-permission android:name="com.android.vending.BILLING" />
38-->[:billing-5.1.0:] AndroidManifest.xml:10:5-67
38-->[:billing-5.1.0:] AndroidManifest.xml:10:22-64
39    <!--
40    This has been added to conform with requirement from Android 11 (API level 30) onwards
41    (http://screen/9iGdBMRWDmVbRJ6), after getting confirmation in http://yaqs/995038231927980032#a1
42    -->
43    <queries>
43-->[:billing-5.1.0:] AndroidManifest.xml:16:5-20:15
44        <intent>
44-->[:billing-5.1.0:] AndroidManifest.xml:17:9-19:18
45            <action android:name="com.android.vending.billing.InAppBillingService.BIND" />
45-->[:billing-5.1.0:] AndroidManifest.xml:18:13-91
45-->[:billing-5.1.0:] AndroidManifest.xml:18:21-88
46        </intent>
47    </queries>
48
49    <application
49-->src\main\AndroidManifest.xml:3:3-83
50        android:extractNativeLibs="true"
50-->[:unityLibrary] AndroidManifest.xml:29:18-50
51        android:icon="@mipmap/app_icon"
51-->src\main\AndroidManifest.xml:3:49-80
52        android:label="@string/app_name" >
52-->src\main\AndroidManifest.xml:3:16-48
53        <meta-data
53-->[:unityLibrary] AndroidManifest.xml:30:9-32:33
54            android:name="unity.splash-mode"
54-->[:unityLibrary] AndroidManifest.xml:31:13-45
55            android:value="0" />
55-->[:unityLibrary] AndroidManifest.xml:32:13-30
56        <meta-data
56-->[:unityLibrary] AndroidManifest.xml:33:9-35:36
57            android:name="unity.splash-enable"
57-->[:unityLibrary] AndroidManifest.xml:34:13-47
58            android:value="True" />
58-->[:unityLibrary] AndroidManifest.xml:35:13-33
59        <meta-data
59-->[:unityLibrary] AndroidManifest.xml:36:9-38:36
60            android:name="unity.launch-fullscreen"
60-->[:unityLibrary] AndroidManifest.xml:37:13-51
61            android:value="True" />
61-->[:unityLibrary] AndroidManifest.xml:38:13-33
62        <meta-data
62-->[:unityLibrary] AndroidManifest.xml:39:9-41:37
63            android:name="unity.allow-resizable-window"
63-->[:unityLibrary] AndroidManifest.xml:40:13-56
64            android:value="False" />
64-->[:unityLibrary] AndroidManifest.xml:41:13-34
65        <meta-data
65-->[:unityLibrary] AndroidManifest.xml:42:9-44:50
66            android:name="notch.config"
66-->[:unityLibrary] AndroidManifest.xml:43:13-40
67            android:value="portrait|landscape" />
67-->[:unityLibrary] AndroidManifest.xml:44:13-47
68        <meta-data
68-->[:unityLibrary] AndroidManifest.xml:45:9-47:36
69            android:name="unity.auto-report-fully-drawn"
69-->[:unityLibrary] AndroidManifest.xml:46:13-57
70            android:value="true" />
70-->[:unityLibrary] AndroidManifest.xml:47:13-33
71
72        <activity
72-->[:unityLibrary] AndroidManifest.xml:49:9-70:20
73            android:name="com.unity3d.player.UnityPlayerActivity"
73-->[:unityLibrary] AndroidManifest.xml:50:13-66
74            android:configChanges="mcc|mnc|locale|touchscreen|keyboard|keyboardHidden|navigation|orientation|screenLayout|uiMode|screenSize|smallestScreenSize|fontScale|layoutDirection|density"
74-->[:unityLibrary] AndroidManifest.xml:51:13-194
75            android:exported="true"
75-->[:unityLibrary] AndroidManifest.xml:52:13-36
76            android:hardwareAccelerated="false"
76-->[:unityLibrary] AndroidManifest.xml:53:13-48
77            android:launchMode="singleTask"
77-->[:unityLibrary] AndroidManifest.xml:54:13-44
78            android:resizeableActivity="false"
78-->[:unityLibrary] AndroidManifest.xml:55:13-47
79            android:screenOrientation="fullUser"
79-->[:unityLibrary] AndroidManifest.xml:56:13-49
80            android:theme="@style/UnityThemeSelector" >
80-->[:unityLibrary] AndroidManifest.xml:57:13-54
81            <intent-filter>
81-->[:unityLibrary] AndroidManifest.xml:58:13-62:29
82                <category android:name="android.intent.category.LAUNCHER" />
82-->[:unityLibrary] AndroidManifest.xml:59:17-77
82-->[:unityLibrary] AndroidManifest.xml:59:27-74
83
84                <action android:name="android.intent.action.MAIN" />
84-->[:unityLibrary] AndroidManifest.xml:61:17-69
84-->[:unityLibrary] AndroidManifest.xml:61:25-66
85            </intent-filter>
86
87            <meta-data
87-->[:unityLibrary] AndroidManifest.xml:64:13-66:40
88                android:name="unityplayer.UnityActivity"
88-->[:unityLibrary] AndroidManifest.xml:65:17-57
89                android:value="true" />
89-->[:unityLibrary] AndroidManifest.xml:66:17-37
90            <meta-data
90-->[:unityLibrary] AndroidManifest.xml:67:13-69:40
91                android:name="notch_support"
91-->[:unityLibrary] AndroidManifest.xml:68:17-45
92                android:value="true" />
92-->[:unityLibrary] AndroidManifest.xml:69:17-37
93        </activity>
94
95        <receiver
95-->[:unityLibrary] AndroidManifest.xml:72:9-74:40
96            android:name="com.unity.androidnotifications.UnityNotificationManager"
96-->[:unityLibrary] AndroidManifest.xml:73:13-83
97            android:exported="false" />
97-->[:unityLibrary] AndroidManifest.xml:74:13-37
98        <receiver
98-->[:unityLibrary] AndroidManifest.xml:75:9-82:20
99            android:name="com.unity.androidnotifications.UnityNotificationRestartOnBootReceiver"
99-->[:unityLibrary] AndroidManifest.xml:76:13-97
100            android:enabled="false"
100-->[:unityLibrary] AndroidManifest.xml:77:13-36
101            android:exported="false" >
101-->[:unityLibrary] AndroidManifest.xml:78:13-37
102            <intent-filter>
102-->[:unityLibrary] AndroidManifest.xml:79:13-81:29
103                <action android:name="android.intent.action.BOOT_COMPLETED" />
103-->[:unityLibrary] AndroidManifest.xml:80:17-79
103-->[:unityLibrary] AndroidManifest.xml:80:25-76
104            </intent-filter>
105        </receiver>
106
107        <meta-data
107-->[:unityLibrary] AndroidManifest.xml:84:9-86:33
108            android:name="com.unity.androidnotifications.exact_scheduling"
108-->[:unityLibrary] AndroidManifest.xml:85:13-75
109            android:value="0" />
109-->[:unityLibrary] AndroidManifest.xml:86:13-30
110
111        <activity
111-->[:UnityAds:] AndroidManifest.xml:14:9-18:74
112            android:name="com.unity3d.services.ads.adunit.AdUnitActivity"
112-->[:UnityAds:] AndroidManifest.xml:15:13-74
113            android:configChanges="fontScale|keyboard|keyboardHidden|locale|mnc|mcc|navigation|orientation|screenLayout|screenSize|smallestScreenSize|uiMode|touchscreen"
113-->[:UnityAds:] AndroidManifest.xml:16:13-170
114            android:hardwareAccelerated="true"
114-->[:UnityAds:] AndroidManifest.xml:17:13-47
115            android:theme="@android:style/Theme.NoTitleBar.Fullscreen" />
115-->[:UnityAds:] AndroidManifest.xml:18:13-71
116        <activity
116-->[:UnityAds:] AndroidManifest.xml:19:9-23:86
117            android:name="com.unity3d.services.ads.adunit.AdUnitTransparentActivity"
117-->[:UnityAds:] AndroidManifest.xml:20:13-85
118            android:configChanges="fontScale|keyboard|keyboardHidden|locale|mnc|mcc|navigation|orientation|screenLayout|screenSize|smallestScreenSize|uiMode|touchscreen"
118-->[:UnityAds:] AndroidManifest.xml:21:13-170
119            android:hardwareAccelerated="true"
119-->[:UnityAds:] AndroidManifest.xml:22:13-47
120            android:theme="@android:style/Theme.Translucent.NoTitleBar.Fullscreen" />
120-->[:UnityAds:] AndroidManifest.xml:23:13-83
121        <activity
121-->[:UnityAds:] AndroidManifest.xml:24:9-28:86
122            android:name="com.unity3d.services.ads.adunit.AdUnitTransparentSoftwareActivity"
122-->[:UnityAds:] AndroidManifest.xml:25:13-93
123            android:configChanges="fontScale|keyboard|keyboardHidden|locale|mnc|mcc|navigation|orientation|screenLayout|screenSize|smallestScreenSize|uiMode|touchscreen"
123-->[:UnityAds:] AndroidManifest.xml:26:13-170
124            android:hardwareAccelerated="false"
124-->[:UnityAds:] AndroidManifest.xml:27:13-48
125            android:theme="@android:style/Theme.Translucent.NoTitleBar.Fullscreen" />
125-->[:UnityAds:] AndroidManifest.xml:28:13-83
126        <activity
126-->[:UnityAds:] AndroidManifest.xml:29:9-33:74
127            android:name="com.unity3d.services.ads.adunit.AdUnitSoftwareActivity"
127-->[:UnityAds:] AndroidManifest.xml:30:13-82
128            android:configChanges="fontScale|keyboard|keyboardHidden|locale|mnc|mcc|navigation|orientation|screenLayout|screenSize|smallestScreenSize|uiMode|touchscreen"
128-->[:UnityAds:] AndroidManifest.xml:31:13-170
129            android:hardwareAccelerated="false"
129-->[:UnityAds:] AndroidManifest.xml:32:13-48
130            android:theme="@android:style/Theme.NoTitleBar.Fullscreen" />
130-->[:UnityAds:] AndroidManifest.xml:33:13-71
131
132        <meta-data
132-->[:billing-5.1.0:] AndroidManifest.xml:23:9-25:37
133            android:name="com.google.android.play.billingclient.version"
133-->[:billing-5.1.0:] AndroidManifest.xml:24:13-73
134            android:value="5.1.0" />
134-->[:billing-5.1.0:] AndroidManifest.xml:25:13-34
135
136        <activity
136-->[:billing-5.1.0:] AndroidManifest.xml:27:9-31:75
137            android:name="com.android.billingclient.api.ProxyBillingActivity"
137-->[:billing-5.1.0:] AndroidManifest.xml:28:13-78
138            android:configChanges="keyboard|keyboardHidden|screenLayout|screenSize|orientation"
138-->[:billing-5.1.0:] AndroidManifest.xml:29:13-96
139            android:exported="false"
139-->[:billing-5.1.0:] AndroidManifest.xml:30:13-37
140            android:theme="@android:style/Theme.Translucent.NoTitleBar" />
140-->[:billing-5.1.0:] AndroidManifest.xml:31:13-72
141    </application>
142
143</manifest>